# Logfile created on 2019-06-05 00:42:17 +0300 by logger.rb/61378
[19-06-05 00:42:19.214 #20269#16600]  INFO -- : {
  "rescue_error": null,
  "failure_error": "#<ClearLogic::FailureError:0x00007f81f42206f0>",
  "service": "#<BaseService:0x00007f81f42229f0>",
  "exit_success": null,
  "options": {
    "cdasdasd": "dasdasdasd"
  },
  "args": [
    {
      "info": "asdadasd"
    }
  ]
}
[19-06-05 01:27:26.221 #21689#65840]  INFO -- : {
  "rescue_error": null,
  "failure_error": "#<ClearLogic::FailureError:0x00007f80742fe508>",
  "service": "#<BaseService:0x00007f8074304fe8>",
  "exit_success": null,
  "step": "next_step",
  "options": {
    "cdasdasd": "dasdasdasd"
  },
  "args": [
    {
      "info": "asdadasd"
    }
  ]
}
